\BOOKMARK [1][-]{section.1}{Einleitung}{}% 1
\BOOKMARK [1][-]{section.2}{Messung}{}% 2
\BOOKMARK [2][-]{subsection.2.1}{Versuchsaufbau}{section.2}% 3
\BOOKMARK [2][-]{subsection.2.2}{Aktivit\344t}{section.2}% 4
\BOOKMARK [2][-]{subsection.2.3}{Auswertung}{section.2}% 5
\BOOKMARK [1][-]{section.3}{Messung}{}% 6
\BOOKMARK [2][-]{subsection.3.1}{Versuchsaufbau}{section.3}% 7
\BOOKMARK [2][-]{subsection.3.2}{Aktivit\344t}{section.3}% 8
\BOOKMARK [2][-]{subsection.3.3}{Auswertung}{section.3}% 9
\BOOKMARK [1][-]{section.4}{Reproduktion der Messungen}{}% 10
\BOOKMARK [2][-]{subsection.4.1}{Erster Aufbau}{section.4}% 11
\BOOKMARK [3][-]{subsubsection.4.1.1}{Simulationsaufbau}{subsection.4.1}% 12
\BOOKMARK [3][-]{subsubsection.4.1.2}{Ergebnisse}{subsection.4.1}% 13
\BOOKMARK [2][-]{subsection.4.2}{Aufbau Nummer 3}{section.4}% 14
\BOOKMARK [3][-]{subsubsection.4.2.1}{Simulationsaufbau}{subsection.4.2}% 15
\BOOKMARK [3][-]{subsubsection.4.2.2}{Ergebnisse}{subsection.4.2}% 16
\BOOKMARK [2][-]{subsection.4.3}{Aufbau Nummer 3 mit Germanium}{section.4}% 17
\BOOKMARK [3][-]{subsubsection.4.3.1}{Simulationsaufbau}{subsection.4.3}% 18
\BOOKMARK [3][-]{subsubsection.4.3.2}{Ergebnisse}{subsection.4.3}% 19
\BOOKMARK [1][-]{section.5}{Vergleich}{}% 20
\BOOKMARK [1][-]{section.6}{Entwicklung eines Detektorsystems}{}% 21
\BOOKMARK [2][-]{subsection.6.1}{4, 8, 20 Detektor-Elemente}{section.6}% 22
\BOOKMARK [3][-]{subsubsection.6.1.1}{Simulationsbeschreibung}{subsection.6.1}% 23
\BOOKMARK [3][-]{subsubsection.6.1.2}{Ergebnisse}{subsection.6.1}% 24
\BOOKMARK [2][-]{subsection.6.2}{32 Detektor-Elemente}{section.6}% 25
\BOOKMARK [3][-]{subsubsection.6.2.1}{Simulationsaufbau}{subsection.6.2}% 26
\BOOKMARK [3][-]{subsubsection.6.2.2}{Ergebnisse}{subsection.6.2}% 27
\BOOKMARK [2][-]{subsection.6.3}{Evaluation der Kosten}{section.6}% 28
\BOOKMARK [2][-]{subsection.6.4}{Entscheidung bei bestimmten Vorgaben}{section.6}% 29
\BOOKMARK [1][-]{section.7}{Anhang}{}% 30
\BOOKMARK [2][-]{subsection.7.1}{Abbildungen}{section.7}% 31
\BOOKMARK [2][-]{subsection.7.2}{Literaturverzeichnis}{section.7}% 32
