This is pdfTeX, Version 3.1415926-2.5-1.40.14 (MiKTeX 2.9) (preloaded format=pdflatex 2014.9.19)  8 FEB 2015 20:00
entering extended mode
**Simulation.tex
(E:\Dokumente\GitHub\FOPRA-Simulation\Thomas\Simulation.tex
LaTeX2e <2014/05/01>
Babel <3.9k> and hyphenation patterns for 68 languages loaded.
("C:\Program Files (x86)\MiKTeX 2.9\tex\latex\base\article.cls"
Document Class: article 2007/10/19 v1.4h Standard LaTeX document class
("C:\Program Files (x86)\MiKTeX 2.9\tex\latex\base\size10.clo"
File: size10.clo 2007/10/19 v1.4h Standard LaTeX file (size option)
)
\c@part=\count79
\c@section=\count80
\c@subsection=\count81
\c@subsubsection=\count82
\c@paragraph=\count83
\c@subparagraph=\count84
\c@figure=\count85
\c@table=\count86
\abovecaptionskip=\skip41
\belowcaptionskip=\skip42
\bibindent=\dimen102
)
("C:\Program Files (x86)\MiKTeX 2.9\tex\latex\babel\babel.sty"
Package: babel 2014/03/24 3.9k The Babel package

*************************************
* Local config file bblopts.cfg used
*
("C:\Program Files (x86)\MiKTeX 2.9\tex\latex\00miktex\bblopts.cfg"
File: bblopts.cfg 2006/07/31 v1.0 MiKTeX 'babel' configuration
)
(C:\Users\Benutzer1\AppData\Roaming\MiKTeX\2.9\tex\latex\babel-german\german.ld
f
Language: german 2013/12/13 v2.7 German support for babel (traditional orthogra
phy)

(C:\Users\Benutzer1\AppData\Roaming\MiKTeX\2.9\tex\latex\babel-german\germanb.l
df
Language: germanb 2013/12/13 v2.7 German support for babel (traditional orthogr
aphy)
 ("C:\Program Files (x86)\MiKTeX 2.9\tex\latex\babel\babel.def"
File: babel.def 2014/03/24 3.9k Babel common definitions
\babel@savecnt=\count87
\U@D=\dimen103
)
\l@austrian = a dialect from \language\l@german 
Package babel Info: Making " an active character on input line 107.
)))
("C:\Program Files (x86)\MiKTeX 2.9\tex\latex\base\inputenc.sty"
Package: inputenc 2014/04/30 v1.2b Input encoding file
\inpenc@prehook=\toks14
\inpenc@posthook=\toks15

("C:\Program Files (x86)\MiKTeX 2.9\tex\latex\base\utf8.def"
File: utf8.def 2008/04/05 v1.1m UTF-8 support for inputenc
Now handling font encoding OML ...
... no UTF-8 mapping file for font encoding OML
Now handling font encoding T1 ...
... processing UTF-8 mapping file for font encoding T1

("C:\Program Files (x86)\MiKTeX 2.9\tex\latex\base\t1enc.dfu"
File: t1enc.dfu 2008/04/05 v1.1m UTF-8 support for inputenc
   defining Unicode char U+00A1 (decimal 161)
   defining Unicode char U+00A3 (decimal 163)
   defining Unicode char U+00AB (decimal 171)
   defining Unicode char U+00BB (decimal 187)
   defining Unicode char U+00BF (decimal 191)
   defining Unicode char U+00C0 (decimal 192)
   defining Unicode char U+00C1 (decimal 193)
   defining Unicode char U+00C2 (decimal 194)
   defining Unicode char U+00C3 (decimal 195)
   defining Unicode char U+00C4 (decimal 196)
   defining Unicode char U+00C5 (decimal 197)
   defining Unicode char U+00C6 (decimal 198)
   defining Unicode char U+00C7 (decimal 199)
   defining Unicode char U+00C8 (decimal 200)
   defining Unicode char U+00C9 (decimal 201)
   defining Unicode char U+00CA (decimal 202)
   defining Unicode char U+00CB (decimal 203)
   defining Unicode char U+00CC (decimal 204)
   defining Unicode char U+00CD (decimal 205)
   defining Unicode char U+00CE (decimal 206)
   defining Unicode char U+00CF (decimal 207)
   defining Unicode char U+00D0 (decimal 208)
   defining Unicode char U+00D1 (decimal 209)
   defining Unicode char U+00D2 (decimal 210)
   defining Unicode char U+00D3 (decimal 211)
   defining Unicode char U+00D4 (decimal 212)
   defining Unicode char U+00D5 (decimal 213)
   defining Unicode char U+00D6 (decimal 214)
   defining Unicode char U+00D8 (decimal 216)
   defining Unicode char U+00D9 (decimal 217)
   defining Unicode char U+00DA (decimal 218)
   defining Unicode char U+00DB (decimal 219)
   defining Unicode char U+00DC (decimal 220)
   defining Unicode char U+00DD (decimal 221)
   defining Unicode char U+00DE (decimal 222)
   defining Unicode char U+00DF (decimal 223)
   defining Unicode char U+00E0 (decimal 224)
   defining Unicode char U+00E1 (decimal 225)
   defining Unicode char U+00E2 (decimal 226)
   defining Unicode char U+00E3 (decimal 227)
   defining Unicode char U+00E4 (decimal 228)
   defining Unicode char U+00E5 (decimal 229)
   defining Unicode char U+00E6 (decimal 230)
   defining Unicode char U+00E7 (decimal 231)
   defining Unicode char U+00E8 (decimal 232)
   defining Unicode char U+00E9 (decimal 233)
   defining Unicode char U+00EA (decimal 234)
   defining Unicode char U+00EB (decimal 235)
   defining Unicode char U+00EC (decimal 236)
   defining Unicode char U+00ED (decimal 237)
   defining Unicode char U+00EE (decimal 238)
   defining Unicode char U+00EF (decimal 239)
   defining Unicode char U+00F0 (decimal 240)
   defining Unicode char U+00F1 (decimal 241)
   defining Unicode char U+00F2 (decimal 242)
   defining Unicode char U+00F3 (decimal 243)
   defining Unicode char U+00F4 (decimal 244)
   defining Unicode char U+00F5 (decimal 245)
   defining Unicode char U+00F6 (decimal 246)
   defining Unicode char U+00F8 (decimal 248)
   defining Unicode char U+00F9 (decimal 249)
   defining Unicode char U+00FA (decimal 250)
   defining Unicode char U+00FB (decimal 251)
   defining Unicode char U+00FC (decimal 252)
   defining Unicode char U+00FD (decimal 253)
   defining Unicode char U+00FE (decimal 254)
   defining Unicode char U+00FF (decimal 255)
   defining Unicode char U+0102 (decimal 258)
   defining Unicode char U+0103 (decimal 259)
   defining Unicode char U+0104 (decimal 260)
   defining Unicode char U+0105 (decimal 261)
   defining Unicode char U+0106 (decimal 262)
   defining Unicode char U+0107 (decimal 263)
   defining Unicode char U+010C (decimal 268)
   defining Unicode char U+010D (decimal 269)
   defining Unicode char U+010E (decimal 270)
   defining Unicode char U+010F (decimal 271)
   defining Unicode char U+0110 (decimal 272)
   defining Unicode char U+0111 (decimal 273)
   defining Unicode char U+0118 (decimal 280)
   defining Unicode char U+0119 (decimal 281)
   defining Unicode char U+011A (decimal 282)
   defining Unicode char U+011B (decimal 283)
   defining Unicode char U+011E (decimal 286)
   defining Unicode char U+011F (decimal 287)
   defining Unicode char U+0130 (decimal 304)
   defining Unicode char U+0131 (decimal 305)
   defining Unicode char U+0132 (decimal 306)
   defining Unicode char U+0133 (decimal 307)
   defining Unicode char U+0139 (decimal 313)
   defining Unicode char U+013A (decimal 314)
   defining Unicode char U+013D (decimal 317)
   defining Unicode char U+013E (decimal 318)
   defining Unicode char U+0141 (decimal 321)
   defining Unicode char U+0142 (decimal 322)
   defining Unicode char U+0143 (decimal 323)
   defining Unicode char U+0144 (decimal 324)
   defining Unicode char U+0147 (decimal 327)
   defining Unicode char U+0148 (decimal 328)
   defining Unicode char U+014A (decimal 330)
   defining Unicode char U+014B (decimal 331)
   defining Unicode char U+0150 (decimal 336)
   defining Unicode char U+0151 (decimal 337)
   defining Unicode char U+0152 (decimal 338)
   defining Unicode char U+0153 (decimal 339)
   defining Unicode char U+0154 (decimal 340)
   defining Unicode char U+0155 (decimal 341)
   defining Unicode char U+0158 (decimal 344)
   defining Unicode char U+0159 (decimal 345)
   defining Unicode char U+015A (decimal 346)
   defining Unicode char U+015B (decimal 347)
   defining Unicode char U+015E (decimal 350)
   defining Unicode char U+015F (decimal 351)
   defining Unicode char U+0160 (decimal 352)
   defining Unicode char U+0161 (decimal 353)
   defining Unicode char U+0162 (decimal 354)
   defining Unicode char U+0163 (decimal 355)
   defining Unicode char U+0164 (decimal 356)
   defining Unicode char U+0165 (decimal 357)
   defining Unicode char U+016E (decimal 366)
   defining Unicode char U+016F (decimal 367)
   defining Unicode char U+0170 (decimal 368)
   defining Unicode char U+0171 (decimal 369)
   defining Unicode char U+0178 (decimal 376)
   defining Unicode char U+0179 (decimal 377)
   defining Unicode char U+017A (decimal 378)
   defining Unicode char U+017B (decimal 379)
   defining Unicode char U+017C (decimal 380)
   defining Unicode char U+017D (decimal 381)
   defining Unicode char U+017E (decimal 382)
   defining Unicode char U+200C (decimal 8204)
   defining Unicode char U+2013 (decimal 8211)
   defining Unicode char U+2014 (decimal 8212)
   defining Unicode char U+2018 (decimal 8216)
   defining Unicode char U+2019 (decimal 8217)
   defining Unicode char U+201A (decimal 8218)
   defining Unicode char U+201C (decimal 8220)
   defining Unicode char U+201D (decimal 8221)
   defining Unicode char U+201E (decimal 8222)
   defining Unicode char U+2030 (decimal 8240)
   defining Unicode char U+2031 (decimal 8241)
   defining Unicode char U+2039 (decimal 8249)
   defining Unicode char U+203A (decimal 8250)
   defining Unicode char U+2423 (decimal 9251)
)
Now handling font encoding OT1 ...
... processing UTF-8 mapping file for font encoding OT1

("C:\Program Files (x86)\MiKTeX 2.9\tex\latex\base\ot1enc.dfu"
File: ot1enc.dfu 2008/04/05 v1.1m UTF-8 support for inputenc
   defining Unicode char U+00A1 (decimal 161)
   defining Unicode char U+00A3 (decimal 163)
   defining Unicode char U+00B8 (decimal 184)
   defining Unicode char U+00BF (decimal 191)
   defining Unicode char U+00C5 (decimal 197)
   defining Unicode char U+00C6 (decimal 198)
   defining Unicode char U+00D8 (decimal 216)
   defining Unicode char U+00DF (decimal 223)
   defining Unicode char U+00E6 (decimal 230)
   defining Unicode char U+00EC (decimal 236)
   defining Unicode char U+00ED (decimal 237)
   defining Unicode char U+00EE (decimal 238)
   defining Unicode char U+00EF (decimal 239)
   defining Unicode char U+00F8 (decimal 248)
   defining Unicode char U+0131 (decimal 305)
   defining Unicode char U+0141 (decimal 321)
   defining Unicode char U+0142 (decimal 322)
   defining Unicode char U+0152 (decimal 338)
   defining Unicode char U+0153 (decimal 339)
   defining Unicode char U+2013 (decimal 8211)
   defining Unicode char U+2014 (decimal 8212)
   defining Unicode char U+2018 (decimal 8216)
   defining Unicode char U+2019 (decimal 8217)
   defining Unicode char U+201C (decimal 8220)
   defining Unicode char U+201D (decimal 8221)
)
Now handling font encoding OMS ...
... processing UTF-8 mapping file for font encoding OMS

("C:\Program Files (x86)\MiKTeX 2.9\tex\latex\base\omsenc.dfu"
File: omsenc.dfu 2008/04/05 v1.1m UTF-8 support for inputenc
   defining Unicode char U+00A7 (decimal 167)
   defining Unicode char U+00B6 (decimal 182)
   defining Unicode char U+00B7 (decimal 183)
   defining Unicode char U+2020 (decimal 8224)
   defining Unicode char U+2021 (decimal 8225)
   defining Unicode char U+2022 (decimal 8226)
)
Now handling font encoding OMX ...
... no UTF-8 mapping file for font encoding OMX
Now handling font encoding U ...
... no UTF-8 mapping file for font encoding U
   defining Unicode char U+00A9 (decimal 169)
   defining Unicode char U+00AA (decimal 170)
   defining Unicode char U+00AE (decimal 174)
   defining Unicode char U+00BA (decimal 186)
   defining Unicode char U+02C6 (decimal 710)
   defining Unicode char U+02DC (decimal 732)
   defining Unicode char U+200C (decimal 8204)
   defining Unicode char U+2026 (decimal 8230)
   defining Unicode char U+2122 (decimal 8482)
   defining Unicode char U+2423 (decimal 9251)
))
("C:\Program Files (x86)\MiKTeX 2.9\tex\latex\base\fontenc.sty"
Package: fontenc 2005/09/27 v1.99g Standard LaTeX package

("C:\Program Files (x86)\MiKTeX 2.9\tex\latex\base\t1enc.def"
File: t1enc.def 2005/09/27 v1.99g Standard LaTeX file
LaTeX Font Info:    Redeclaring font encoding T1 on input line 43.
))
(C:\Users\Benutzer1\AppData\Roaming\MiKTeX\2.9\tex\latex\xcolor\xcolor.sty
Package: xcolor 2007/01/21 v2.11 LaTeX color extensions (UK)

("C:\Program Files (x86)\MiKTeX 2.9\tex\latex\00miktex\color.cfg"
File: color.cfg 2007/01/18 v1.5 color configuration of teTeX/TeXLive
)
Package xcolor Info: Driver file: pdftex.def on input line 225.

("C:\Program Files (x86)\MiKTeX 2.9\tex\latex\pdftex-def\pdftex.def"
File: pdftex.def 2011/05/27 v0.06d Graphics/color for pdfTeX

("C:\Program Files (x86)\MiKTeX 2.9\tex\generic\oberdiek\infwarerr.sty"
Package: infwarerr 2010/04/08 v1.3 Providing info/warning/error messages (HO)
)
("C:\Program Files (x86)\MiKTeX 2.9\tex\generic\oberdiek\ltxcmds.sty"
Package: ltxcmds 2011/11/09 v1.22 LaTeX kernel commands for general use (HO)
)
\Gread@gobject=\count88
)
Package xcolor Info: Model `cmy' substituted by `cmy0' on input line 1337.
Package xcolor Info: Model `hsb' substituted by `rgb' on input line 1341.
Package xcolor Info: Model `RGB' extended on input line 1353.
Package xcolor Info: Model `HTML' substituted by `rgb' on input line 1355.
Package xcolor Info: Model `Hsb' substituted by `hsb' on input line 1356.
Package xcolor Info: Model `tHsb' substituted by `hsb' on input line 1357.
Package xcolor Info: Model `HSB' substituted by `hsb' on input line 1358.
Package xcolor Info: Model `Gray' substituted by `gray' on input line 1359.
Package xcolor Info: Model `wave' substituted by `hsb' on input line 1360.

(C:\Users\Benutzer1\AppData\Roaming\MiKTeX\2.9\tex\latex\xcolor\svgnam.def
File: svgnam.def 2007/01/21 v2.11 Predefined colors according to SVG 1.1 (UK)
))
("C:\Program Files (x86)\MiKTeX 2.9\tex\latex\amsmath\amsmath.sty"
Package: amsmath 2013/01/14 v2.14 AMS math features
\@mathmargin=\skip43

For additional information on amsmath, use the `?' option.
("C:\Program Files (x86)\MiKTeX 2.9\tex\latex\amsmath\amstext.sty"
Package: amstext 2000/06/29 v2.01

("C:\Program Files (x86)\MiKTeX 2.9\tex\latex\amsmath\amsgen.sty"
File: amsgen.sty 1999/11/30 v2.0
\@emptytoks=\toks16
\ex@=\dimen104
))
("C:\Program Files (x86)\MiKTeX 2.9\tex\latex\amsmath\amsbsy.sty"
Package: amsbsy 1999/11/29 v1.2d
\pmbraise@=\dimen105
)
("C:\Program Files (x86)\MiKTeX 2.9\tex\latex\amsmath\amsopn.sty"
Package: amsopn 1999/12/14 v2.01 operator names
)
\inf@bad=\count89
LaTeX Info: Redefining \frac on input line 210.
\uproot@=\count90
\leftroot@=\count91
LaTeX Info: Redefining \overline on input line 306.
\classnum@=\count92
\DOTSCASE@=\count93
LaTeX Info: Redefining \ldots on input line 378.
LaTeX Info: Redefining \dots on input line 381.
LaTeX Info: Redefining \cdots on input line 466.
\Mathstrutbox@=\box26
\strutbox@=\box27
\big@size=\dimen106
LaTeX Font Info:    Redeclaring font encoding OML on input line 566.
LaTeX Font Info:    Redeclaring font encoding OMS on input line 567.
\macc@depth=\count94
\c@MaxMatrixCols=\count95
\dotsspace@=\muskip10
\c@parentequation=\count96
\dspbrk@lvl=\count97
\tag@help=\toks17
\row@=\count98
\column@=\count99
\maxfields@=\count100
\andhelp@=\toks18
\eqnshift@=\dimen107
\alignsep@=\dimen108
\tagshift@=\dimen109
\tagwidth@=\dimen110
\totwidth@=\dimen111
\lineht@=\dimen112
\@envbody=\toks19
\multlinegap=\skip44
\multlinetaggap=\skip45
\mathdisplay@stack=\toks20
LaTeX Info: Redefining \[ on input line 2665.
LaTeX Info: Redefining \] on input line 2666.
)
("C:\Program Files (x86)\MiKTeX 2.9\tex\latex\amsfonts\amsfonts.sty"
Package: amsfonts 2013/01/14 v3.01 Basic AMSFonts support
\symAMSa=\mathgroup4
\symAMSb=\mathgroup5
LaTeX Font Info:    Overwriting math alphabet `\mathfrak' in version `bold'
(Font)                  U/euf/m/n --> U/euf/b/n on input line 106.
)
("C:\Program Files (x86)\MiKTeX 2.9\tex\latex\amsfonts\amssymb.sty"
Package: amssymb 2013/01/14 v3.01 AMS font symbols
)
("C:\Program Files (x86)\MiKTeX 2.9\tex\latex\graphics\graphicx.sty"
Package: graphicx 2014/04/25 v1.0g Enhanced LaTeX Graphics (DPC,SPQR)

("C:\Program Files (x86)\MiKTeX 2.9\tex\latex\graphics\keyval.sty"
Package: keyval 2014/05/08 v1.15 key=value parser (DPC)
\KV@toks@=\toks21
)
("C:\Program Files (x86)\MiKTeX 2.9\tex\latex\graphics\graphics.sty"
Package: graphics 2009/02/05 v1.0o Standard LaTeX Graphics (DPC,SPQR)

("C:\Program Files (x86)\MiKTeX 2.9\tex\latex\graphics\trig.sty"
Package: trig 1999/03/16 v1.09 sin cos tan (DPC)
)
("C:\Program Files (x86)\MiKTeX 2.9\tex\latex\00miktex\graphics.cfg"
File: graphics.cfg 2007/01/18 v1.5 graphics configuration of teTeX/TeXLive
)
Package graphics Info: Driver file: pdftex.def on input line 91.
)
\Gin@req@height=\dimen113
\Gin@req@width=\dimen114
)
("C:\Program Files (x86)\MiKTeX 2.9\tex\latex\base\flafter.sty"
Package: flafter 2014/04/24 v1.2n Standard LaTeX floats after reference (FMi)
)
("C:\Program Files (x86)\MiKTeX 2.9\tex\latex\multirow\multirow.sty"
\bigstrutjot=\dimen115
)
(C:\Users\Benutzer1\AppData\Roaming\MiKTeX\2.9\tex\latex\fancyhdr\fancyhdr.sty
\fancy@headwidth=\skip46
\f@ncyO@elh=\skip47
\f@ncyO@erh=\skip48
\f@ncyO@olh=\skip49
\f@ncyO@orh=\skip50
\f@ncyO@elf=\skip51
\f@ncyO@erf=\skip52
\f@ncyO@olf=\skip53
\f@ncyO@orf=\skip54
) ("C:\Program Files (x86)\MiKTeX 2.9\tex\latex\hyperref\hyperref.sty"
Package: hyperref 2012/11/06 v6.83m Hypertext links for LaTeX

("C:\Program Files (x86)\MiKTeX 2.9\tex\generic\oberdiek\hobsub-hyperref.sty"
Package: hobsub-hyperref 2012/04/25 v1.12 Bundle oberdiek, subset hyperref (HO)


("C:\Program Files (x86)\MiKTeX 2.9\tex\generic\oberdiek\hobsub-generic.sty"
Package: hobsub-generic 2012/04/25 v1.12 Bundle oberdiek, subset generic (HO)
Package: hobsub 2012/04/25 v1.12 Construct package bundles (HO)
Package hobsub Info: Skipping package `infwarerr' (already loaded).
Package hobsub Info: Skipping package `ltxcmds' (already loaded).
Package: ifluatex 2010/03/01 v1.3 Provides the ifluatex switch (HO)
Package ifluatex Info: LuaTeX not detected.
Package: ifvtex 2010/03/01 v1.5 Detect VTeX and its facilities (HO)
Package ifvtex Info: VTeX not detected.
Package: intcalc 2007/09/27 v1.1 Expandable calculations with integers (HO)
Package: ifpdf 2011/01/30 v2.3 Provides the ifpdf switch (HO)
Package ifpdf Info: pdfTeX in PDF mode is detected.
Package: etexcmds 2011/02/16 v1.5 Avoid name clashes with e-TeX commands (HO)
Package etexcmds Info: Could not find \expanded.
(etexcmds)             That can mean that you are not using pdfTeX 1.50 or
(etexcmds)             that some package has redefined \expanded.
(etexcmds)             In the latter case, load this package earlier.
Package: kvsetkeys 2012/04/25 v1.16 Key value parser (HO)
Package: kvdefinekeys 2011/04/07 v1.3 Define keys (HO)
Package: pdftexcmds 2011/11/29 v0.20 Utility functions of pdfTeX for LuaTeX (HO
)
Package pdftexcmds Info: LuaTeX not detected.
Package pdftexcmds Info: \pdf@primitive is available.
Package pdftexcmds Info: \pdf@ifprimitive is available.
Package pdftexcmds Info: \pdfdraftmode found.
Package: pdfescape 2011/11/25 v1.13 Implements pdfTeX's escape features (HO)
Package: bigintcalc 2012/04/08 v1.3 Expandable calculations on big integers (HO
)
Package: bitset 2011/01/30 v1.1 Handle bit-vector datatype (HO)
Package: uniquecounter 2011/01/30 v1.2 Provide unlimited unique counter (HO)
)
Package hobsub Info: Skipping package `hobsub' (already loaded).
Package: letltxmacro 2010/09/02 v1.4 Let assignment for LaTeX macros (HO)
Package: hopatch 2011/06/24 v1.1 Wrapper for package hooks (HO)
Package: xcolor-patch 2011/01/30 xcolor patch
Package: atveryend 2011/06/30 v1.8 Hooks at the very end of document (HO)
Package atveryend Info: \enddocument detected (standard20110627).
Package: atbegshi 2011/10/05 v1.16 At begin shipout hook (HO)
Package: refcount 2011/10/16 v3.4 Data extraction from label references (HO)
Package: hycolor 2011/01/30 v1.7 Color options for hyperref/bookmark (HO)
)
("C:\Program Files (x86)\MiKTeX 2.9\tex\generic\ifxetex\ifxetex.sty"
Package: ifxetex 2010/09/12 v0.6 Provides ifxetex conditional
)
("C:\Program Files (x86)\MiKTeX 2.9\tex\latex\oberdiek\auxhook.sty"
Package: auxhook 2011/03/04 v1.3 Hooks for auxiliary files (HO)
)
("C:\Program Files (x86)\MiKTeX 2.9\tex\latex\oberdiek\kvoptions.sty"
Package: kvoptions 2011/06/30 v3.11 Key value format for package options (HO)
)
\@linkdim=\dimen116
\Hy@linkcounter=\count101
\Hy@pagecounter=\count102

("C:\Program Files (x86)\MiKTeX 2.9\tex\latex\hyperref\pd1enc.def"
File: pd1enc.def 2012/11/06 v6.83m Hyperref: PDFDocEncoding definition (HO)
Now handling font encoding PD1 ...
... no UTF-8 mapping file for font encoding PD1
)
\Hy@SavedSpaceFactor=\count103

("C:\Program Files (x86)\MiKTeX 2.9\tex\latex\00miktex\hyperref.cfg"
File: hyperref.cfg 2002/06/06 v1.2 hyperref configuration of TeXLive
)
Package hyperref Info: Option `colorlinks' set `true' on input line 4319.
Package hyperref Info: Hyper figures OFF on input line 4443.
Package hyperref Info: Link nesting OFF on input line 4448.
Package hyperref Info: Hyper index ON on input line 4451.
Package hyperref Info: Plain pages OFF on input line 4458.
Package hyperref Info: Backreferencing OFF on input line 4463.
Package hyperref Info: Implicit mode ON; LaTeX internals redefined.
Package hyperref Info: Bookmarks ON on input line 4688.
\c@Hy@tempcnt=\count104

(C:\Users\Benutzer1\AppData\Roaming\MiKTeX\2.9\tex\latex\url\url.sty
\Urlmuskip=\muskip11
Package: url 2013/09/16  ver 3.4  Verb mode for urls, etc.
)
LaTeX Info: Redefining \url on input line 5041.
\XeTeXLinkMargin=\dimen117
\Fld@menulength=\count105
\Field@Width=\dimen118
\Fld@charsize=\dimen119
Package hyperref Info: Hyper figures OFF on input line 6295.
Package hyperref Info: Link nesting OFF on input line 6300.
Package hyperref Info: Hyper index ON on input line 6303.
Package hyperref Info: backreferencing OFF on input line 6310.
Package hyperref Info: Link coloring ON on input line 6313.
Package hyperref Info: Link coloring with OCG OFF on input line 6320.
Package hyperref Info: PDF/A mode OFF on input line 6325.
LaTeX Info: Redefining \ref on input line 6365.
LaTeX Info: Redefining \pageref on input line 6369.
\Hy@abspage=\count106
\c@Item=\count107
\c@Hfootnote=\count108
)

Package hyperref Message: Driver: hpdftex.

("C:\Program Files (x86)\MiKTeX 2.9\tex\latex\hyperref\hpdftex.def"
File: hpdftex.def 2012/11/06 v6.83m Hyperref driver for pdfTeX
\Fld@listcount=\count109
\c@bookmark@seq@number=\count110

("C:\Program Files (x86)\MiKTeX 2.9\tex\latex\oberdiek\rerunfilecheck.sty"
Package: rerunfilecheck 2011/04/15 v1.7 Rerun checks for auxiliary files (HO)
Package uniquecounter Info: New unique counter `rerunfilecheck' on input line 2
82.
)
\Hy@SectionHShift=\skip55
)
("C:\Program Files (x86)\MiKTeX 2.9\tex\latex\float\float.sty"
Package: float 2001/11/08 v1.3d Float enhancements (AL)
\c@float@type=\count111
\float@exts=\toks22
\float@box=\box28
\@float@everytoks=\toks23
\@floatcapt=\box29
)

LaTeX Warning: Unused global option(s):
    [14pt].

(E:\Dokumente\GitHub\FOPRA-Simulation\Thomas\Simulation.aux

LaTeX Warning: Label `l1' multiply defined.


LaTeX Warning: Label `l2' multiply defined.


LaTeX Warning: Label `' multiply defined.


LaTeX Warning: Label `' multiply defined.


LaTeX Warning: Label `' multiply defined.

)
LaTeX Font Info:    Checking defaults for OML/cmm/m/it on input line 33.
LaTeX Font Info:    ... okay on input line 33.
LaTeX Font Info:    Checking defaults for T1/cmr/m/n on input line 33.
LaTeX Font Info:    ... okay on input line 33.
LaTeX Font Info:    Checking defaults for OT1/cmr/m/n on input line 33.
LaTeX Font Info:    ... okay on input line 33.
LaTeX Font Info:    Checking defaults for OMS/cmsy/m/n on input line 33.
LaTeX Font Info:    ... okay on input line 33.
LaTeX Font Info:    Checking defaults for OMX/cmex/m/n on input line 33.
LaTeX Font Info:    ... okay on input line 33.
LaTeX Font Info:    Checking defaults for U/cmr/m/n on input line 33.
LaTeX Font Info:    ... okay on input line 33.
LaTeX Font Info:    Checking defaults for PD1/pdf/m/n on input line 33.
LaTeX Font Info:    ... okay on input line 33.
 (C:\Users\Benutzer1\AppData\Roaming\MiKTeX\2.9\tex\context\base\supp-pdf.mkii
[Loading MPS to PDF converter (version 2006.09.02).]
\scratchcounter=\count112
\scratchdimen=\dimen120
\scratchbox=\box30
\nofMPsegments=\count113
\nofMParguments=\count114
\everyMPshowfont=\toks24
\MPscratchCnt=\count115
\MPscratchDim=\dimen121
\MPnumerator=\count116
\makeMPintoPDFobject=\count117
\everyMPtoPDFconversion=\toks25
)
\AtBeginShipoutBox=\box31
Package hyperref Info: Link coloring ON on input line 33.
 ("C:\Program Files (x86)\MiKTeX 2.9\tex\latex\hyperref\nameref.sty"
Package: nameref 2012/10/27 v2.43 Cross-referencing by name of section

("C:\Program Files (x86)\MiKTeX 2.9\tex\generic\oberdiek\gettitlestring.sty"
Package: gettitlestring 2010/12/03 v1.4 Cleanup title references (HO)
)
\c@section@level=\count118
)
LaTeX Info: Redefining \ref on input line 33.
LaTeX Info: Redefining \pageref on input line 33.
LaTeX Info: Redefining \nameref on input line 33.

(E:\Dokumente\GitHub\FOPRA-Simulation\Thomas\Simulation.out)
(E:\Dokumente\GitHub\FOPRA-Simulation\Thomas\Simulation.out)
\@outlinefile=\write3
LaTeX Font Info:    Try loading font information for U+msa on input line 37.

("C:\Program Files (x86)\MiKTeX 2.9\tex\latex\amsfonts\umsa.fd"
File: umsa.fd 2013/01/14 v3.01 AMS symbols A
)
LaTeX Font Info:    Try loading font information for U+msb on input line 37.

("C:\Program Files (x86)\MiKTeX 2.9\tex\latex\amsfonts\umsb.fd"
File: umsb.fd 2013/01/14 v3.01 AMS symbols B
)
Package babel Info: Redefining german shorthand "f
(babel)             in language  on input line 37.
Package babel Info: Redefining german shorthand "|
(babel)             in language  on input line 37.
Package babel Info: Redefining german shorthand "~
(babel)             in language  on input line 37.
Package babel Info: Redefining german shorthand "f
(babel)             in language  on input line 37.
Package babel Info: Redefining german shorthand "|
(babel)             in language  on input line 37.
Package babel Info: Redefining german shorthand "~
(babel)             in language  on input line 37.
 [1

{C:/Users/Benutzer1/AppData/Local/MiKTeX/2.9/pdftex/config/pdftex.map}]
(E:\Dokumente\GitHub\FOPRA-Simulation\Thomas\Simulation.toc)
\tf@toc=\write4
Package babel Info: Redefining german shorthand "f
(babel)             in language  on input line 40.
Package babel Info: Redefining german shorthand "|
(babel)             in language  on input line 40.
Package babel Info: Redefining german shorthand "~
(babel)             in language  on input line 40.
Package babel Info: Redefining german shorthand "f
(babel)             in language  on input line 40.
Package babel Info: Redefining german shorthand "|
(babel)             in language  on input line 40.
Package babel Info: Redefining german shorthand "~
(babel)             in language  on input line 40.
 [2

]
Package babel Info: Redefining german shorthand "f
(babel)             in language  on input line 44.
Package babel Info: Redefining german shorthand "|
(babel)             in language  on input line 44.
Package babel Info: Redefining german shorthand "~
(babel)             in language  on input line 44.
Package babel Info: Redefining german shorthand "f
(babel)             in language  on input line 51.
Package babel Info: Redefining german shorthand "|
(babel)             in language  on input line 51.
Package babel Info: Redefining german shorthand "~
(babel)             in language  on input line 51.
Package babel Info: Redefining german shorthand "f
(babel)             in language  on input line 52.
Package babel Info: Redefining german shorthand "|
(babel)             in language  on input line 52.
Package babel Info: Redefining german shorthand "~
(babel)             in language  on input line 52.

Underfull \hbox (badness 10000) in paragraph at lines 53--55

 []

Package babel Info: Redefining german shorthand "f
(babel)             in language  on input line 62.
Package babel Info: Redefining german shorthand "|
(babel)             in language  on input line 62.
Package babel Info: Redefining german shorthand "~
(babel)             in language  on input line 62.
Package babel Info: Redefining german shorthand "f
(babel)             in language  on input line 65.
Package babel Info: Redefining german shorthand "|
(babel)             in language  on input line 65.
Package babel Info: Redefining german shorthand "~
(babel)             in language  on input line 65.
Package babel Info: Redefining german shorthand "f
(babel)             in language  on input line 65.
Package babel Info: Redefining german shorthand "|
(babel)             in language  on input line 65.
Package babel Info: Redefining german shorthand "~
(babel)             in language  on input line 65.
[1

]

Package amsmath Warning: Foreign command \over;
(amsmath)                \frac or \genfrac should be used instead
(amsmath)                 on input line 66.

Package babel Info: Redefining german shorthand "f
(babel)             in language  on input line 69.
Package babel Info: Redefining german shorthand "|
(babel)             in language  on input line 69.
Package babel Info: Redefining german shorthand "~
(babel)             in language  on input line 69.
<Messung11.pdf, id=192, 569.12625pt x 340.27126pt>
File: Messung11.pdf Graphic file (type pdf)
 <use Messung11.pdf>
Package pdftex.def Info: Messung11.pdf used on input line 85.
(pdftex.def)             Requested size: 345.0pt x 206.27751pt.
Package babel Info: Redefining german shorthand "f
(babel)             in language  on input line 92.
Package babel Info: Redefining german shorthand "|
(babel)             in language  on input line 92.
Package babel Info: Redefining german shorthand "~
(babel)             in language  on input line 92.
Package babel Info: Redefining german shorthand "f
(babel)             in language  on input line 92.
Package babel Info: Redefining german shorthand "|
(babel)             in language  on input line 92.
Package babel Info: Redefining german shorthand "~
(babel)             in language  on input line 92.
 [2pdfTeX warning (ext4): destination with the same identifier (name{figure.1})
 has been already used, duplicate ignored

\AtBegShi@Output ...ipout \box \AtBeginShipoutBox 
                                                  \fi \fi 
l.92 \begin{equation}
                      <E:/Dokumente/GitHub/FOPRA-Simulation/Thomas/Messung11.pd
f, page is rotated 90 degrees>] <Fit1.pdf, id=251, 569.12625pt x 340.27126pt>
File: Fit1.pdf Graphic file (type pdf)

<use Fit1.pdf>
Package pdftex.def Info: Fit1.pdf used on input line 111.
(pdftex.def)             Requested size: 345.0pt x 206.27751pt.

Overfull \hbox (3.47412pt too wide) in paragraph at lines 135--136
[]\T1/cmr/m/n/10 Die Ab-wei-chun-gen zwi-schen den er-sten bei-den Mes-sun-gen 
zei-gen den Messfeh-
 []

Package babel Info: Redefining german shorthand "f
(babel)             in language  on input line 160.
Package babel Info: Redefining german shorthand "|
(babel)             in language  on input line 160.
Package babel Info: Redefining german shorthand "~
(babel)             in language  on input line 160.
Package babel Info: Redefining german shorthand "f
(babel)             in language  on input line 160.
Package babel Info: Redefining german shorthand "|
(babel)             in language  on input line 160.
Package babel Info: Redefining german shorthand "~
(babel)             in language  on input line 160.
[3pdfTeX warning (ext4): destination with the same identifier (name{figure.2}) 
has been already used, duplicate ignored

\AtBegShi@Output ...ipout \box \AtBeginShipoutBox 
                                                  \fi \fi 
l.160 \end{equation}
                     <E:/Dokumente/GitHub/FOPRA-Simulation/Thomas/Fit1.pdf, pag
e is rotated 90 degrees>]
<./Bilder/Vergleichgrosklein.png, id=312, 536.0025pt x 320.19624pt>
File: ./Bilder/Vergleichgrosklein.png Graphic file (type png)

<use ./Bilder/Vergleichgrosklein.png>
Package pdftex.def Info: ./Bilder/Vergleichgrosklein.png used on input line 170
.
(pdftex.def)             Requested size: 345.0pt x 206.09259pt.

Underfull \hbox (badness 10000) in paragraph at lines 167--174

 []


Underfull \vbox (badness 10000) has occurred while \output is active []

Package babel Info: Redefining german shorthand "f
(babel)             in language  on input line 175.
Package babel Info: Redefining german shorthand "|
(babel)             in language  on input line 175.
Package babel Info: Redefining german shorthand "~
(babel)             in language  on input line 175.
Package babel Info: Redefining german shorthand "f
(babel)             in language  on input line 175.
Package babel Info: Redefining german shorthand "|
(babel)             in language  on input line 175.
Package babel Info: Redefining german shorthand "~
(babel)             in language  on input line 175.
 [4pdfTeX warning (ext4): destination with the same identifier (name{table.1}) 
has been already used, duplicate ignored

\AtBegShi@Output ...ipout \box \AtBeginShipoutBox 
                                                  \fi \fi 
l.175 M
       an erkennt in Abbildung \ref{l11} deutlich eine Häufung bei 511keV i...
pdfTeX warning (ext4): destination with the same identifier (name{table.2}) has
 been already used, duplicate ignored

\AtBegShi@Output ...ipout \box \AtBeginShipoutBox 
                                                  \fi \fi 
l.175 M
       an erkennt in Abbildung \ref{l11} deutlich eine Häufung bei 511keV i...
] <./Bilder/Vergleichgrosgros1.png, id=323, 536.0025pt x 320.19624pt>
File: ./Bilder/Vergleichgrosgros1.png Graphic file (type png)

<use ./Bilder/Vergleichgrosgros1.png>
Package pdftex.def Info: ./Bilder/Vergleichgrosgros1.png used on input line 178
.
(pdftex.def)             Requested size: 345.0pt x 206.09259pt.
Package babel Info: Redefining german shorthand "f
(babel)             in language  on input line 184.
Package babel Info: Redefining german shorthand "|
(babel)             in language  on input line 184.
Package babel Info: Redefining german shorthand "~
(babel)             in language  on input line 184.
Package babel Info: Redefining german shorthand "f
(babel)             in language  on input line 184.
Package babel Info: Redefining german shorthand "|
(babel)             in language  on input line 184.
Package babel Info: Redefining german shorthand "~
(babel)             in language  on input line 184.
 [5pdfTeX warning (ext4): destination with the same identifier (name{figure.3})
 has been already used, duplicate ignored

\AtBegShi@Output ...ipout \box \AtBeginShipoutBox 
                                                  \fi \fi 
l.184 
      pdfTeX warning (ext4): destination with the same identifier (name{figure.
4}) has been already used, duplicate ignored

\AtBegShi@Output ...ipout \box \AtBeginShipoutBox 
                                                  \fi \fi 
l.184 
       <E:/Dokumente/GitHub/FOPRA-Simulation/Thomas/Bilder/Vergleichgrosklein.p
ng> <E:/Dokumente/GitHub/FOPRA-Simulation/Thomas/Bilder/Vergleichgrosgros1.png>
]
Package babel Info: Redefining german shorthand "f
(babel)             in language  on input line 187.
Package babel Info: Redefining german shorthand "|
(babel)             in language  on input line 187.
Package babel Info: Redefining german shorthand "~
(babel)             in language  on input line 187.
Package babel Info: Redefining german shorthand "f
(babel)             in language  on input line 188.
Package babel Info: Redefining german shorthand "|
(babel)             in language  on input line 188.
Package babel Info: Redefining german shorthand "~
(babel)             in language  on input line 188.

Underfull \hbox (badness 10000) in paragraph at lines 189--191

 []

Package babel Info: Redefining german shorthand "f
(babel)             in language  on input line 200.
Package babel Info: Redefining german shorthand "|
(babel)             in language  on input line 200.
Package babel Info: Redefining german shorthand "~
(babel)             in language  on input line 200.
Package babel Info: Redefining german shorthand "f
(babel)             in language  on input line 207.
Package babel Info: Redefining german shorthand "|
(babel)             in language  on input line 207.
Package babel Info: Redefining german shorthand "~
(babel)             in language  on input line 207.
Package babel Info: Redefining german shorthand "f
(babel)             in language  on input line 214.
Package babel Info: Redefining german shorthand "|
(babel)             in language  on input line 214.
Package babel Info: Redefining german shorthand "~
(babel)             in language  on input line 214.
Package babel Info: Redefining german shorthand "f
(babel)             in language  on input line 214.
Package babel Info: Redefining german shorthand "|
(babel)             in language  on input line 214.
Package babel Info: Redefining german shorthand "~
(babel)             in language  on input line 214.
[6]
File: Messung11.pdf Graphic file (type pdf)
 <use Messung11.pdf>
Package pdftex.def Info: Messung11.pdf used on input line 223.
(pdftex.def)             Requested size: 241.49895pt x 144.38751pt.
File: Fit1.pdf Graphic file (type pdf)
 <use Fit1.pdf>
Package pdftex.def Info: Fit1.pdf used on input line 231.
(pdftex.def)             Requested size: 241.49895pt x 144.38751pt.

Underfull \vbox (badness 10000) has occurred while \output is active []

Package babel Info: Redefining german shorthand "f
(babel)             in language  on input line 236.
Package babel Info: Redefining german shorthand "|
(babel)             in language  on input line 236.
Package babel Info: Redefining german shorthand "~
(babel)             in language  on input line 236.
Package babel Info: Redefining german shorthand "f
(babel)             in language  on input line 236.
Package babel Info: Redefining german shorthand "|
(babel)             in language  on input line 236.
Package babel Info: Redefining german shorthand "~
(babel)             in language  on input line 236.
 [7pdfTeX warning (ext4): destination with the same identifier (name{figure.5})
 has been already used, duplicate ignored

\AtBegShi@Output ...ipout \box \AtBeginShipoutBox 
                                                  \fi \fi 
l.236 \ 
        \\]
Underfull \hbox (badness 10000) in paragraph at lines 236--239

 []

Package babel Info: Redefining german shorthand "f
(babel)             in language  on input line 261.
Package babel Info: Redefining german shorthand "|
(babel)             in language  on input line 261.
Package babel Info: Redefining german shorthand "~
(babel)             in language  on input line 261.
Package babel Info: Redefining german shorthand "f
(babel)             in language  on input line 261.
Package babel Info: Redefining german shorthand "|
(babel)             in language  on input line 261.
Package babel Info: Redefining german shorthand "~
(babel)             in language  on input line 261.
[8pdfTeX warning (ext4): destination with the same identifier (name{figure.6}) 
has been already used, duplicate ignored

\AtBegShi@Output ...ipout \box \AtBeginShipoutBox 
                                                  \fi \fi 
l.261 \section
              {Reproduktion der Messungen}]
Package babel Info: Redefining german shorthand "f
(babel)             in language  on input line 261.
Package babel Info: Redefining german shorthand "|
(babel)             in language  on input line 261.
Package babel Info: Redefining german shorthand "~
(babel)             in language  on input line 261.
Package babel Info: Redefining german shorthand "f
(babel)             in language  on input line 262.
Package babel Info: Redefining german shorthand "|
(babel)             in language  on input line 262.
Package babel Info: Redefining german shorthand "~
(babel)             in language  on input line 262.
Package babel Info: Redefining german shorthand "f
(babel)             in language  on input line 263.
Package babel Info: Redefining german shorthand "|
(babel)             in language  on input line 263.
Package babel Info: Redefining german shorthand "~
(babel)             in language  on input line 263.
Package babel Info: Redefining german shorthand "f
(babel)             in language  on input line 267.
Package babel Info: Redefining german shorthand "|
(babel)             in language  on input line 267.
Package babel Info: Redefining german shorthand "~
(babel)             in language  on input line 267.

<./Bilder/Simulation1_ganz.jpg, id=359, 260.6538pt x 145.0218pt>
File: ./Bilder/Simulation1_ganz.jpg Graphic file (type jpg)

<use ./Bilder/Simulation1_ganz.jpg>
Package pdftex.def Info: ./Bilder/Simulation1_ganz.jpg used on input line 273.
(pdftex.def)             Requested size: 241.49895pt x 134.36876pt.
Package babel Info: Redefining german shorthand "f
(babel)             in language  on input line 284.
Package babel Info: Redefining german shorthand "|
(babel)             in language  on input line 284.
Package babel Info: Redefining german shorthand "~
(babel)             in language  on input line 284.
Package babel Info: Redefining german shorthand "f
(babel)             in language  on input line 284.
Package babel Info: Redefining german shorthand "|
(babel)             in language  on input line 284.
Package babel Info: Redefining german shorthand "~
(babel)             in language  on input line 284.
 [9pdfTeX warning (ext4): destination with the same identifier (name{figure.7})
 has been already used, duplicate ignored

\AtBegShi@Output ...ipout \box \AtBeginShipoutBox 
                                                  \fi \fi 
l.284 
       <E:/Dokumente/GitHub/FOPRA-Simulation/Thomas/Bilder/Simulation1_ganz.jpg
>] <./Bilder/Simulation1_511_fit.jpg, id=370, 257.763pt x 144.54pt>
File: ./Bilder/Simulation1_511_fit.jpg Graphic file (type jpg)

<use ./Bilder/Simulation1_511_fit.jpg>
Package pdftex.def Info: ./Bilder/Simulation1_511_fit.jpg used on input line 28
7.
(pdftex.def)             Requested size: 241.49895pt x 135.42429pt.
Package babel Info: Redefining german shorthand "f
(babel)             in language  on input line 295.
Package babel Info: Redefining german shorthand "|
(babel)             in language  on input line 295.
Package babel Info: Redefining german shorthand "~
(babel)             in language  on input line 295.
Package babel Info: Redefining german shorthand "f
(babel)             in language  on input line 296.
Package babel Info: Redefining german shorthand "|
(babel)             in language  on input line 296.
Package babel Info: Redefining german shorthand "~
(babel)             in language  on input line 296.
Package babel Info: Redefining german shorthand "f
(babel)             in language  on input line 299.
Package babel Info: Redefining german shorthand "|
(babel)             in language  on input line 299.
Package babel Info: Redefining german shorthand "~
(babel)             in language  on input line 299.

Overfull \hbox (49.48639pt too wide) in paragraph at lines 306--323
 [] 
 []


Underfull \hbox (badness 10000) in paragraph at lines 300--325

 []

Package babel Info: Redefining german shorthand "f
(babel)             in language  on input line 328.
Package babel Info: Redefining german shorthand "|
(babel)             in language  on input line 328.
Package babel Info: Redefining german shorthand "~
(babel)             in language  on input line 328.
Package babel Info: Redefining german shorthand "f
(babel)             in language  on input line 328.
Package babel Info: Redefining german shorthand "|
(babel)             in language  on input line 328.
Package babel Info: Redefining german shorthand "~
(babel)             in language  on input line 328.
[10pdfTeX warning (ext4): destination with the same identifier (name{figure.8})
 has been already used, duplicate ignored

\AtBegShi@Output ...ipout \box \AtBeginShipoutBox 
                                                  \fi \fi 
l.328 
      pdfTeX warning (ext4): destination with the same identifier (name{figure.
9}) has been already used, duplicate ignored

\AtBegShi@Output ...ipout \box \AtBeginShipoutBox 
                                                  \fi \fi 
l.328 
       <E:/Dokumente/GitHub/FOPRA-Simulation/Thomas/Bilder/Simulation1_511_fit.
jpg>] <./Bilder/Simulation2(1KGB)_ganz.jpg, id=378, 219.7008pt x 162.1257pt>
File: ./Bilder/Simulation2(1KGB)_ganz.jpg Graphic file (type jpg)

<use ./Bilder/Simulation2(1KGB)_ganz.jpg>
Package pdftex.def Info: ./Bilder/Simulation2(1KGB)_ganz.jpg used on input line
 332.
(pdftex.def)             Requested size: 241.49895pt x 178.22008pt.

<./Bilder/Simulation2(1KGB)_1275_fit.jpg, id=379, 159.9576pt x 131.7723pt>
File: ./Bilder/Simulation2(1KGB)_1275_fit.jpg Graphic file (type jpg)

<use ./Bilder/Simulation2(1KGB)_1275_fit.jpg>
Package pdftex.def Info: ./Bilder/Simulation2(1KGB)_1275_fit.jpg used on input 
line 340.
(pdftex.def)             Requested size: 241.49895pt x 198.94879pt.
Package babel Info: Redefining german shorthand "f
(babel)             in language  on input line 346.
Package babel Info: Redefining german shorthand "|
(babel)             in language  on input line 346.
Package babel Info: Redefining german shorthand "~
(babel)             in language  on input line 346.
Package babel Info: Redefining german shorthand "f
(babel)             in language  on input line 347.
Package babel Info: Redefining german shorthand "|
(babel)             in language  on input line 347.
Package babel Info: Redefining german shorthand "~
(babel)             in language  on input line 347.

Underfull \vbox (badness 10000) has occurred while \output is active []

Package babel Info: Redefining german shorthand "f
(babel)             in language  on input line 349.
Package babel Info: Redefining german shorthand "|
(babel)             in language  on input line 349.
Package babel Info: Redefining german shorthand "~
(babel)             in language  on input line 349.
Package babel Info: Redefining german shorthand "f
(babel)             in language  on input line 349.
Package babel Info: Redefining german shorthand "|
(babel)             in language  on input line 349.
Package babel Info: Redefining german shorthand "~
(babel)             in language  on input line 349.
 [11pdfTeX warning (ext4): destination with the same identifier (name{figure.10
}) has been already used, duplicate ignored

\AtBegShi@Output ...ipout \box \AtBeginShipoutBox 
                                                  \fi \fi 
l.349 
      pdfTeX warning (ext4): destination with the same identifier (name{figure.
11}) has been already used, duplicate ignored

\AtBegShi@Output ...ipout \box \AtBeginShipoutBox 
                                                  \fi \fi 
l.349 
       <E:/Dokumente/GitHub/FOPRA-Simulation/Thomas/Bilder/Simulation2(1KGB)_ga
nz.jpg> <E:/Dokumente/GitHub/FOPRA-Simulation/Thomas/Bilder/Simulation2(1KGB)_1
275_fit.jpg>]
Package babel Info: Redefining german shorthand "f
(babel)             in language  on input line 351.
Package babel Info: Redefining german shorthand "|
(babel)             in language  on input line 351.
Package babel Info: Redefining german shorthand "~
(babel)             in language  on input line 351.

<./Bilder/Simulation3(KB)_ganz.jpg, id=390, 200.1879pt x 166.9437pt>
File: ./Bilder/Simulation3(KB)_ganz.jpg Graphic file (type jpg)

<use ./Bilder/Simulation3(KB)_ganz.jpg>
Package pdftex.def Info: ./Bilder/Simulation3(KB)_ganz.jpg used on input line 3
56.
(pdftex.def)             Requested size: 241.49895pt x 201.40894pt.

<./Bilder/Simulation3(KB)_511_fit.jpg, id=393, 203.8014pt x 168.3891pt>
File: ./Bilder/Simulation3(KB)_511_fit.jpg Graphic file (type jpg)

<use ./Bilder/Simulation3(KB)_511_fit.jpg>
Package pdftex.def Info: ./Bilder/Simulation3(KB)_511_fit.jpg used on input lin
e 366.
(pdftex.def)             Requested size: 241.49895pt x 199.54016pt.

Underfull \vbox (badness 7256) has occurred while \output is active []

Package babel Info: Redefining german shorthand "f
(babel)             in language  on input line 371.
Package babel Info: Redefining german shorthand "|
(babel)             in language  on input line 371.
Package babel Info: Redefining german shorthand "~
(babel)             in language  on input line 371.
Package babel Info: Redefining german shorthand "f
(babel)             in language  on input line 371.
Package babel Info: Redefining german shorthand "|
(babel)             in language  on input line 371.
Package babel Info: Redefining german shorthand "~
(babel)             in language  on input line 371.
 [12pdfTeX warning (ext4): destination with the same identifier (name{figure.12
}) has been already used, duplicate ignored

\AtBegShi@Output ...ipout \box \AtBeginShipoutBox 
                                                  \fi \fi 
l.371 
       <E:/Dokumente/GitHub/FOPRA-Simulation/Thomas/Bilder/Simulation3(KB)_ganz
.jpg>]
<./Bilder/Simulation3(KB)_1275_fit.jpg, id=402, 183.5658pt x 163.5711pt>
File: ./Bilder/Simulation3(KB)_1275_fit.jpg Graphic file (type jpg)

<use ./Bilder/Simulation3(KB)_1275_fit.jpg>
Package pdftex.def Info: ./Bilder/Simulation3(KB)_1275_fit.jpg used on input li
ne 374.
(pdftex.def)             Requested size: 241.49895pt x 215.1957pt.
Package babel Info: Redefining german shorthand "f
(babel)             in language  on input line 381.
Package babel Info: Redefining german shorthand "|
(babel)             in language  on input line 381.
Package babel Info: Redefining german shorthand "~
(babel)             in language  on input line 381.
Package babel Info: Redefining german shorthand "f
(babel)             in language  on input line 384.
Package babel Info: Redefining german shorthand "|
(babel)             in language  on input line 384.
Package babel Info: Redefining german shorthand "~
(babel)             in language  on input line 384.
Package babel Info: Redefining german shorthand "f
(babel)             in language  on input line 384.
Package babel Info: Redefining german shorthand "|
(babel)             in language  on input line 384.
Package babel Info: Redefining german shorthand "~
(babel)             in language  on input line 384.
 [13pdfTeX warning (ext4): destination with the same identifier (name{figure.13
}) has been already used, duplicate ignored

\AtBegShi@Output ...ipout \box \AtBeginShipoutBox 
                                                  \fi \fi 
l.384 
      pdfTeX warning (ext4): destination with the same identifier (name{figure.
14}) has been already used, duplicate ignored

\AtBegShi@Output ...ipout \box \AtBeginShipoutBox 
                                                  \fi \fi 
l.384 
       <E:/Dokumente/GitHub/FOPRA-Simulation/Thomas/Bilder/Simulation3(KB)_511_
fit.jpg> <E:/Dokumente/GitHub/FOPRA-Simulation/Thomas/Bilder/Simulation3(KB)_12
75_fit.jpg>]
Package babel Info: Redefining german shorthand "f
(babel)             in language  on input line 393.
Package babel Info: Redefining german shorthand "|
(babel)             in language  on input line 393.
Package babel Info: Redefining german shorthand "~
(babel)             in language  on input line 393.
Package babel Info: Redefining german shorthand "f
(babel)             in language  on input line 394.
Package babel Info: Redefining german shorthand "|
(babel)             in language  on input line 394.
Package babel Info: Redefining german shorthand "~
(babel)             in language  on input line 394.
Package babel Info: Redefining german shorthand "f
(babel)             in language  on input line 395.
Package babel Info: Redefining german shorthand "|
(babel)             in language  on input line 395.
Package babel Info: Redefining german shorthand "~
(babel)             in language  on input line 395.
 <./Bilder/Aufbau.png, id=408, 684.5575pt x 238.8925pt>
File: ./Bilder/Aufbau.png Graphic file (type png)

<use ./Bilder/Aufbau.png>
Package pdftex.def Info: ./Bilder/Aufbau.png used on input line 400.
(pdftex.def)             Requested size: 241.49895pt x 84.27704pt.
Package babel Info: Redefining german shorthand "f
(babel)             in language  on input line 407.
Package babel Info: Redefining german shorthand "|
(babel)             in language  on input line 407.
Package babel Info: Redefining german shorthand "~
(babel)             in language  on input line 407.
Package babel Info: Redefining german shorthand "f
(babel)             in language  on input line 408.
Package babel Info: Redefining german shorthand "|
(babel)             in language  on input line 408.
Package babel Info: Redefining german shorthand "~
(babel)             in language  on input line 408.
Package babel Info: Redefining german shorthand "f
(babel)             in language  on input line 408.
Package babel Info: Redefining german shorthand "|
(babel)             in language  on input line 408.
Package babel Info: Redefining german shorthand "~
(babel)             in language  on input line 408.
 [14pdfTeX warning (ext4): destination with the same identifier (name{figure.15
}) has been already used, duplicate ignored

\AtBegShi@Output ...ipout \box \AtBeginShipoutBox 
                                                  \fi \fi 
l.408 			{\color{Red} N
                       och einzufügen} <E:/Dokumente/GitHub/FOPRA-Simulation/T
homas/Bilder/Aufbau.png (PNG copy)>]
Package babel Info: Redefining german shorthand "f
(babel)             in language  on input line 415.
Package babel Info: Redefining german shorthand "|
(babel)             in language  on input line 415.
Package babel Info: Redefining german shorthand "~
(babel)             in language  on input line 415.
Package babel Info: Redefining german shorthand "f
(babel)             in language  on input line 416.
Package babel Info: Redefining german shorthand "|
(babel)             in language  on input line 416.
Package babel Info: Redefining german shorthand "~
(babel)             in language  on input line 416.
Package babel Info: Redefining german shorthand "f
(babel)             in language  on input line 421.
Package babel Info: Redefining german shorthand "|
(babel)             in language  on input line 421.
Package babel Info: Redefining german shorthand "~
(babel)             in language  on input line 421.
Package babel Info: Redefining german shorthand "f
(babel)             in language  on input line 426.
Package babel Info: Redefining german shorthand "|
(babel)             in language  on input line 426.
Package babel Info: Redefining german shorthand "~
(babel)             in language  on input line 426.
Package babel Info: Redefining german shorthand "f
(babel)             in language  on input line 431.
Package babel Info: Redefining german shorthand "|
(babel)             in language  on input line 431.
Package babel Info: Redefining german shorthand "~
(babel)             in language  on input line 431.
Package babel Info: Redefining german shorthand "f
(babel)             in language  on input line 435.
Package babel Info: Redefining german shorthand "|
(babel)             in language  on input line 435.
Package babel Info: Redefining german shorthand "~
(babel)             in language  on input line 435.
Package babel Info: Redefining german shorthand "f
(babel)             in language  on input line 436.
Package babel Info: Redefining german shorthand "|
(babel)             in language  on input line 436.
Package babel Info: Redefining german shorthand "~
(babel)             in language  on input line 436.

<./Bilder/Simulation2(2KGB)_ganz.jpg, id=414, 223.5552pt x 164.0529pt>
File: ./Bilder/Simulation2(2KGB)_ganz.jpg Graphic file (type jpg)

<use ./Bilder/Simulation2(2KGB)_ganz.jpg>
Package pdftex.def Info: ./Bilder/Simulation2(2KGB)_ganz.jpg used on input line
 440.
(pdftex.def)             Requested size: 241.49895pt x 177.22455pt.

<./Bilder/Simulation2(2KGB)_511_fitt.jpg, id=415, 223.7961pt x 165.7392pt>
File: ./Bilder/Simulation2(2KGB)_511_fitt.jpg Graphic file (type jpg)

<use ./Bilder/Simulation2(2KGB)_511_fitt.jpg>
Package pdftex.def Info: ./Bilder/Simulation2(2KGB)_511_fitt.jpg used on input 
line 448.
(pdftex.def)             Requested size: 241.49895pt x 178.85907pt.
Package babel Info: Redefining german shorthand "f
(babel)             in language  on input line 453.
Package babel Info: Redefining german shorthand "|
(babel)             in language  on input line 453.
Package babel Info: Redefining german shorthand "~
(babel)             in language  on input line 453.
Package babel Info: Redefining german shorthand "f
(babel)             in language  on input line 453.
Package babel Info: Redefining german shorthand "|
(babel)             in language  on input line 453.
Package babel Info: Redefining german shorthand "~
(babel)             in language  on input line 453.
 [15pdfTeX warning (ext4): destination with the same identifier (name{figure.16
}) has been already used, duplicate ignored

\AtBegShi@Output ...ipout \box \AtBeginShipoutBox 
                                                  \fi \fi 
l.453 
       <E:/Dokumente/GitHub/FOPRA-Simulation/Thomas/Bilder/Simulation2(2KGB)_ga
nz.jpg>]
<./Bilder/Simulation2(2KGB)_1275_fitt.jpg, id=421, 163.5711pt x 132.7359pt>
File: ./Bilder/Simulation2(2KGB)_1275_fitt.jpg Graphic file (type jpg)

<use ./Bilder/Simulation2(2KGB)_1275_fitt.jpg>
Package pdftex.def Info: ./Bilder/Simulation2(2KGB)_1275_fitt.jpg used on input
 line 456.
(pdftex.def)             Requested size: 241.49895pt x 195.98222pt.

<./Bilder/Simulation2_ganz.jpg, id=422, 220.6644pt x 160.6803pt>
File: ./Bilder/Simulation2_ganz.jpg Graphic file (type jpg)

<use ./Bilder/Simulation2_ganz.jpg>
Package pdftex.def Info: ./Bilder/Simulation2_ganz.jpg used on input line 464.
(pdftex.def)             Requested size: 241.49895pt x 175.85641pt.

Underfull \vbox (badness 10000) has occurred while \output is active []

Package babel Info: Redefining german shorthand "f
(babel)             in language  on input line 469.
Package babel Info: Redefining german shorthand "|
(babel)             in language  on input line 469.
Package babel Info: Redefining german shorthand "~
(babel)             in language  on input line 469.
Package babel Info: Redefining german shorthand "f
(babel)             in language  on input line 469.
Package babel Info: Redefining german shorthand "|
(babel)             in language  on input line 469.
Package babel Info: Redefining german shorthand "~
(babel)             in language  on input line 469.
 [16pdfTeX warning (ext4): destination with the same identifier (name{figure.17
}) has been already used, duplicate ignored

\AtBegShi@Output ...ipout \box \AtBeginShipoutBox 
                                                  \fi \fi 
l.469 
      pdfTeX warning (ext4): destination with the same identifier (name{figure.
18}) has been already used, duplicate ignored

\AtBegShi@Output ...ipout \box \AtBeginShipoutBox 
                                                  \fi \fi 
l.469 
       <E:/Dokumente/GitHub/FOPRA-Simulation/Thomas/Bilder/Simulation2(2KGB)_51
1_fitt.jpg> <E:/Dokumente/GitHub/FOPRA-Simulation/Thomas/Bilder/Simulation2(2KG
B)_1275_fitt.jpg>]
<./Bilder/Simulation2_511_fit.jpg, id=429, 224.5188pt x 161.6439pt>
File: ./Bilder/Simulation2_511_fit.jpg Graphic file (type jpg)

<use ./Bilder/Simulation2_511_fit.jpg>
Package pdftex.def Info: ./Bilder/Simulation2_511_fit.jpg used on input line 47
2.
(pdftex.def)             Requested size: 241.49895pt x 173.86986pt.

<./Bilder/Simulation2_1275_fit.jpg, id=430, 160.4394pt x 131.5314pt>
File: ./Bilder/Simulation2_1275_fit.jpg Graphic file (type jpg)

<use ./Bilder/Simulation2_1275_fit.jpg>
Package pdftex.def Info: ./Bilder/Simulation2_1275_fit.jpg used on input line 4
80.
(pdftex.def)             Requested size: 241.49895pt x 197.987pt.

Underfull \vbox (badness 10000) has occurred while \output is active []

Package babel Info: Redefining german shorthand "f
(babel)             in language  on input line 485.
Package babel Info: Redefining german shorthand "|
(babel)             in language  on input line 485.
Package babel Info: Redefining german shorthand "~
(babel)             in language  on input line 485.
Package babel Info: Redefining german shorthand "f
(babel)             in language  on input line 485.
Package babel Info: Redefining german shorthand "|
(babel)             in language  on input line 485.
Package babel Info: Redefining german shorthand "~
(babel)             in language  on input line 485.
 [17pdfTeX warning (ext4): destination with the same identifier (name{figure.19
}) has been already used, duplicate ignored

\AtBegShi@Output ...ipout \box \AtBeginShipoutBox 
                                                  \fi \fi 
l.485 
      pdfTeX warning (ext4): destination with the same identifier (name{figure.
20}) has been already used, duplicate ignored

\AtBegShi@Output ...ipout \box \AtBeginShipoutBox 
                                                  \fi \fi 
l.485 
       <E:/Dokumente/GitHub/FOPRA-Simulation/Thomas/Bilder/Simulation2_ganz.jpg
> <E:/Dokumente/GitHub/FOPRA-Simulation/Thomas/Bilder/Simulation2_511_fit.jpg>]
Package babel Info: Redefining german shorthand "f
(babel)             in language  on input line 488.
Package babel Info: Redefining german shorthand "|
(babel)             in language  on input line 488.
Package babel Info: Redefining german shorthand "~
(babel)             in language  on input line 488.
LaTeX Font Info:    Try loading font information for T1+cmtt on input line 491.

("C:\Program Files (x86)\MiKTeX 2.9\tex\latex\base\t1cmtt.fd"
File: t1cmtt.fd 1999/05/25 v2.5h Standard LaTeX font definitions
)
Overfull \hbox (12.41284pt too wide) in paragraph at lines 489--492
[][]$\T1/cmtt/m/n/10 https : / / www . ph . tum . de / academics / org / labs /
 fopra / docs / userguide-[]77 . en .$
 []


Underfull \hbox (badness 10000) in paragraph at lines 489--492

 []

Package atveryend Info: Empty hook `BeforeClearDocument' on input line 501.
Package babel Info: Redefining german shorthand "f
(babel)             in language  on input line 501.
Package babel Info: Redefining german shorthand "|
(babel)             in language  on input line 501.
Package babel Info: Redefining german shorthand "~
(babel)             in language  on input line 501.
Package babel Info: Redefining german shorthand "f
(babel)             in language  on input line 501.
Package babel Info: Redefining german shorthand "|
(babel)             in language  on input line 501.
Package babel Info: Redefining german shorthand "~
(babel)             in language  on input line 501.
[18pdfTeX warning (ext4): destination with the same identifier (name{figure.21}
) has been already used, duplicate ignored

\AtBegShi@Output ...ipout \box \AtBeginShipoutBox 
                                                  \fi \fi 
l.501 \end{document}
                     <E:/Dokumente/GitHub/FOPRA-Simulation/Thomas/Bilder/Simula
tion2_1275_fit.jpg>]
Package atveryend Info: Empty hook `AfterLastShipout' on input line 501.

(E:\Dokumente\GitHub\FOPRA-Simulation\Thomas\Simulation.aux)
Package atveryend Info: Executing hook `AtVeryEndDocument' on input line 501.
Package atveryend Info: Executing hook `AtEndAfterFileList' on input line 501.
Package rerunfilecheck Info: File `Simulation.out' has not changed.
(rerunfilecheck)             Checksum: 34092D4A9947339C91E37D937B03B30F;2127.


LaTeX Warning: There were multiply-defined labels.

Package atveryend Info: Empty hook `AtVeryVeryEnd' on input line 501.
 ) 
Here is how much of TeX's memory you used:
 7760 strings out of 493706
 109289 string characters out of 3142153
 211850 words of memory out of 3000000
 10833 multiletter control sequences out of 15000+200000
 18758 words of font info for 52 fonts, out of 3000000 for 9000
 1025 hyphenation exceptions out of 8191
 29i,12n,43p,1026b,369s stack positions out of 5000i,500n,10000p,200000b,50000s
 <C:\Users\Benutzer1\AppData\Local\MiKTeX\2.9\fonts\pk\ljfour\jknappen\ec\dpi
600\ectt1000.pk> <C:\Users\Benutzer1\AppData\Local\MiKTeX\2.9\fonts\pk\ljfour\j
knappen\ec\dpi600\ecrm0700.pk> <C:\Users\Benutzer1\AppData\Local\MiKTeX\2.9\fon
ts\pk\ljfour\jknappen\ec\dpi600\ecbx1200.pk> <C:\Users\Benutzer1\AppData\Local\
MiKTeX\2.9\fonts\pk\ljfour\jknappen\ec\dpi600\ecbx1000.pk> <C:\Users\Benutzer1\
AppData\Local\MiKTeX\2.9\fonts\pk\ljfour\jknappen\ec\dpi600\ecbx1440.pk> <C:\Us
ers\Benutzer1\AppData\Local\MiKTeX\2.9\fonts\pk\ljfour\jknappen\ec\dpi600\ecrm0
900.pk> <C:\Users\Benutzer1\AppData\Local\MiKTeX\2.9\fonts\pk\ljfour\jknappen\e
c\dpi600\ecrm1200.pk> <C:\Users\Benutzer1\AppData\Local\MiKTeX\2.9\fonts\pk\ljf
our\jknappen\ec\dpi600\ecrm1000.pk> <C:\Users\Benutzer1\AppData\Local\MiKTeX\2.
9\fonts\pk\ljfour\jknappen\ec\dpi600\ecrm2488.pk><C:/Program Files (x86)/MiKTeX
 2.9/fonts/type1/public/amsfonts/cm/cmex10.pfb><C:/Program Files (x86)/MiKTeX 2
.9/fonts/type1/public/amsfonts/cm/cmmi10.pfb><C:/Program Files (x86)/MiKTeX 2.9
/fonts/type1/public/amsfonts/cm/cmmi5.pfb><C:/Program Files (x86)/MiKTeX 2.9/fo
nts/type1/public/amsfonts/cm/cmmi7.pfb><C:/Program Files (x86)/MiKTeX 2.9/fonts
/type1/public/amsfonts/cm/cmr10.pfb><C:/Program Files (x86)/MiKTeX 2.9/fonts/ty
pe1/public/amsfonts/cm/cmr5.pfb><C:/Program Files (x86)/MiKTeX 2.9/fonts/type1/
public/amsfonts/cm/cmr7.pfb><C:/Program Files (x86)/MiKTeX 2.9/fonts/type1/publ
ic/amsfonts/cm/cmsy10.pfb><C:/Program Files (x86)/MiKTeX 2.9/fonts/type1/public
/amsfonts/cm/cmsy7.pfb>
Output written on Simulation.pdf (20 pages, 2465678 bytes).
PDF statistics:
 833 PDF objects out of 1000 (max. 8388607)
 107 named destinations out of 1000 (max. 500000)
 347 words of extra memory for PDF output out of 10000 (max. 10000000)

